Vercel CLI 50.1.6
Retrieving project…
Deploying ayushgupta9906s-projects/docify-app-frontend
Uploading [--------------------] (0.0B/468.1KB)
Uploading [=====---------------] (123.8KB/468.1KB)
Uploading [==========----------] (236.7KB/468.1KB)
Uploading [===============-----] (355.8KB/468.1KB)
Uploading [====================] (468.1KB/468.1KB)
Inspect: https://vercel.com/ayushgupta9906s-projects/docify-app-frontend/92otQf6JKhzd6VHgyWZMoKRNuMze [9s]
Production: https://docify-app-frontend-ejtcuts3m-ayushgupta9906s-projects.vercel.app [9s]
https://docify-app-frontend-ejtcuts3m-ayushgupta9906s-projects.vercel.appBuilding...
Building...
Building: Running build in Washington, D.C., USA (East) – iad1
Building: Build machine configuration: 2 cores, 8 GB
Building: Retrieving list of deployment files...
Building: Previous build caches not available.
Building: Downloading 78 deployment files...
Building: Warning: Detected "engines": { "node": ">=18.0.0" } in your `package.json` that will automatically upgrade when a new major Node.js Version is released. Learn More: https://vercel.link/node-version
Building: Running "vercel build"
Building: Vercel CLI 50.4.4
Building: Warning: Detected "engines": { "node": ">=18.0.0" } in your `package.json` that will automatically upgrade when a new major Node.js Version is released. Learn More: https://vercel.link/node-version
Building: Installing dependencies...
Building: added 393 packages in 14s
Building: 154 packages are looking for funding
Building: run `npm fund` for details
Building: Detected Next.js version: 15.5.9
Building: Running "npm run build"
Building: > docify@1.0.0 build
Building: > npm run build:frontend && npm run build:backend
Building: > docify@1.0.0 build:frontend
Building: > next build
Building: Attention: Next.js now collects completely anonymous telemetry regarding usage.
Building: This information is used to shape Next.js' roadmap and prioritize features.
Building: You can learn more, including how to opt-out if you'd not like to participate in this anonymous program, by visiting the following URL:
Building: https://nextjs.org/telemetry
Building: ▲ Next.js 15.5.9
Building: - Environments: .env
Building: Creating an optimized production build ...
Building: ✓ Compiled successfully in 13.2s
Building: Linting and checking validity of types ...
Building: Collecting page data ...
Building: Generating static pages (0/8) ...
Building: Generating static pages (2/8)
Building: Generating static pages (4/8)
Building: Generating static pages (6/8)
Building: ✓ Generating static pages (8/8)
Building: Finalizing page optimization ...
Building: Collecting build traces ...
Building: Route (app)                                 Size  First Load JS
Building: ┌ ○ /                                    3.46 kB         153 kB
Building: ├ ○ /_not-found                            994 B         103 kB
Building: ├ ○ /api-docs                            2.43 kB         142 kB
Building: ├ ○ /compress                            1.65 kB         190 kB
Building: ├ ○ /history                              5.5 kB         178 kB
Building: └ ○ /merge                               1.62 kB         190 kB
Building: + First Load JS shared by all             102 kB
Building: ├ chunks/255-cb395327542b56ef.js       45.9 kB
Building: ├ chunks/4bd1b696-c023c6e3521b1417.js  54.2 kB
Building: └ other shared chunks (total)          1.92 kB
Building: ○  (Static)  prerendered as static content
Building: > docify@1.0.0 build:backend
Building: > cd backend && npm run build
Building: > docify-backend@1.0.0 build
Building: > tsc
Building: src/config/index.ts(1,20): error TS2307: Cannot find module 'dotenv' or its corresponding type declarations.
Building: src/database/connection.ts(1,22): error TS2307: Cannot find module 'mongoose' or its corresponding type declarations.
Building: src/database/connection.ts(10,42): error TS7006: Parameter 'error' implicitly has an 'any' type.
Building: src/middleware/error.middleware.ts(1,49): error TS2307: Cannot find module 'express' or its corresponding type declarations.
Building: src/models/Job.model.ts(1,44): error TS2307: Cannot find module 'mongoose' or its corresponding type declarations.
Building: src/routes/batch.ts(1,24): error TS2307: Cannot find module 'express' or its corresponding type declarations.
Building: src/routes/batch.ts(7,25): error TS7006: Parameter '_req' implicitly has an 'any' type.
Building: src/routes/batch.ts(7,31): error TS7006: Parameter 'res' implicitly has an 'any' type.
Building: src/routes/batch.ts(24,32): error TS7006: Parameter '_req' implicitly has an 'any' type.
Building: src/routes/batch.ts(24,38): error TS7006: Parameter 'res' implicitly has an 'any' type.
Building: src/routes/batch.ts(40,41): error TS7006: Parameter '_req' implicitly has an 'any' type.
Building: src/routes/batch.ts(40,47): error TS7006: Parameter 'res' implicitly has an 'any' type.
Building: src/routes/jobs.ts(1,43): error TS2307: Cannot find module 'express' or its corresponding type declarations.
Building: src/routes/jobs.ts(123,33): error TS7006: Parameter 'file' implicitly has an 'any' type.
Building: src/routes/process.ts(1,43): error TS2307: Cannot find module 'express' or its corresponding type declarations.
Building: src/routes/process.ts(2,30): error TS2307: Cannot find module 'uuid' or its corresponding type declarations.
Building: src/routes/upload.ts(1,43): error TS2307: Cannot find module 'express' or its corresponding type declarations.
Building: src/routes/upload.ts(2,20): error TS2307: Cannot find module 'multer' or its corresponding type declarations.
Building: src/routes/upload.ts(4,30): error TS2307: Cannot find module 'uuid' or its corresponding type declarations.
Building: src/routes/upload.ts(12,19): error TS7006: Parameter '_req' implicitly has an 'any' type.
Building: src/routes/upload.ts(12,25): error TS7006: Parameter '_file' implicitly has an 'any' type.
Building: src/routes/upload.ts(12,32): error TS7006: Parameter 'cb' implicitly has an 'any' type.
Building: src/routes/upload.ts(15,16): error TS7006: Parameter '_req' implicitly has an 'any' type.
Building: src/routes/upload.ts(15,22): error TS7006: Parameter 'file' implicitly has an 'any' type.
Building: src/routes/upload.ts(15,28): error TS7006: Parameter 'cb' implicitly has an 'any' type.
Building: src/routes/upload.ts(22,42): error TS2503: Cannot find namespace 'Express'.
Building: src/routes/upload.ts(59,46): error TS7006: Parameter 'file' implicitly has an 'any' type.
Building: src/server.ts(1,21): error TS2307: Cannot find module 'express' or its corresponding type declarations.
Building: src/server.ts(2,18): error TS2307: Cannot find module 'cors' or its corresponding type declarations.
Building: src/server.ts(5,22): error TS2307: Cannot find module 'mongoose' or its corresponding type declarations.
Building: src/server.ts(47,25): error TS7006: Parameter '_req' implicitly has an 'any' type.
Building: src/server.ts(47,31): error TS7006: Parameter 'res' implicitly has an 'any' type.
Building: src/server.ts(57,21): error TS7006: Parameter '_req' implicitly has an 'any' type.
Building: src/server.ts(57,27): error TS7006: Parameter 'res' implicitly has an 'any' type.
Building: src/services/pdf/merge.service.ts(1,29): error TS2307: Cannot find module 'pdf-lib' or its corresponding type declarations.
Building: src/services/pdf/merge.service.ts(19,28): error TS7006: Parameter 'page' implicitly has an 'any' type.
Building: src/services/pdf/rotate.service.ts(1,38): error TS2307: Cannot find module 'pdf-lib' or its corresponding type declarations.
Building: src/services/pdf/split.service.ts(1,29): error TS2307: Cannot find module 'pdf-lib' or its corresponding type declarations.
Building: src/services/pdf/split.service.ts(4,22): error TS2307: Cannot find module 'archiver' or its corresponding type declarations.
Building: src/services/pdf/split.service.ts(105,30): error TS7006: Parameter 'err' implicitly has an 'any' type.
Building: src/services/storage/cleanup.service.ts(1,18): error TS2307: Cannot find module 'node-cron' or its corresponding type declarations.
Building: src/utils/logger.ts(1,21): error TS2307: Cannot find module 'winston' or its corresponding type declarations.
Building: src/utils/logger.ts(14,30): error TS7031: Binding element 'timestamp' implicitly has an 'any' type.
Building: src/utils/logger.ts(14,41): error TS7031: Binding element 'level' implicitly has an 'any' type.
Building: src/utils/logger.ts(14,48): error TS7031: Binding element 'message' implicitly has an 'any' type.
Building: Error: Command "npm run build" exited with 2
Error: Command "npm run build" exited with 2
